
T0F00 1104:083 SEGGER J-Link V6.10 Log File (0001ms, 0113ms total)
T0F00 1104:083 DLL Compiled: Sep 14 2016 16:45:07 (0001ms, 0113ms total)
T0F00 1104:083 Logging started @ 2017-01-30 10:25 (0001ms, 0113ms total)
T0F00 1104:956 JLINK_ExecCommand("Device = ATSAMD21J18A", ...). Device "ATSAMD21J18" selected.  returns 0x00 (0001ms, 0114ms total)
T0F00 1105:867 JLINK_ExecCommand("device = ATSAMD21J18A", ...). Device "ATSAMD21J18" selected.  returns 0x00 (0001ms, 0115ms total)
T0F00 1105:868 JLINK_GetHWStatus(...)  returns 0x00 (0001ms, 0116ms total)
T0F00 1105:869 JLINK_ClrRESET() (0000ms, 0116ms total)
T0F00 1105:869 JLINK_SetRESET() (0000ms, 0116ms total)
T0F00 1105:869 JLINK_ClrRESET() (0001ms, 0117ms total)
T0F00 1105:870 JLINK_ClrTCK()  returns 0x00 (0000ms, 0117ms total)
T0F00 1105:870 JLINK_SetRESET() (0000ms, 0117ms total)
T0F00 1105:870 JLINK_Clock()  returns 0x01 (0000ms, 0117ms total)
T0F00 1105:870 JLINK_TIF_Select(JLINKARM_TIF_SWD)  returns 0x00 (0001ms, 0118ms total)
T0F00 1105:871 JLINK_SetSpeed(50) (0000ms, 0118ms total)
T0F00 1105:871 JLINK_JTAG_StoreRaw(..., 0x108 Bits)  returns 0x00 (0000ms, 0118ms total)
T0F00 1105:871 JLINK_JTAG_GetU32(BitPos = 227) >0x108 TIF>  returns 0xFFFFFFFF (0000ms, 0118ms total)
T0F00 1105:871 JLINK_JTAG_StoreRaw(..., 0x08 Bits)  returns 0x00 (0000ms, 0118ms total)
T0F00 1105:871 JLINK_JTAG_StoreRaw(..., 0x03 Bits)  returns 0x08 (0000ms, 0118ms total)
T0F00 1105:871 JLINK_JTAG_StoreRaw(..., 0x28 Bits)  returns 0x0B (0000ms, 0118ms total)
T0F00 1105:871 JLINK_JTAG_GetU8(BitPos = 8) >0x33 TIF>  returns 0xFF (0001ms, 0119ms total)
T0F00 1105:872 JLINK_JTAG_GetU32(BitPos = 11)  returns 0xFFFFFFFF (0000ms, 0119ms total)
T0F00 1105:872 JLINK_JTAG_StoreRaw(..., 0x08 Bits)  returns 0x00 (0000ms, 0119ms total)
T0F00 1105:872 JLINK_JTAG_StoreRaw(..., 0x03 Bits)  returns 0x08 (0000ms, 0119ms total)
T0F00 1105:872 JLINK_JTAG_StoreRaw(..., 0x28 Bits)  returns 0x0B (0000ms, 0119ms total)
T0F00 1105:872 JLINK_JTAG_GetU8(BitPos = 8) >0x33 TIF>  returns 0xFF (0000ms, 0119ms total)
T0F00 1105:872 JLINK_JTAG_GetU32(BitPos = 11)  returns 0xFFFFFFFF (0000ms, 0119ms total)
T0F00 1105:872 JLINK_JTAG_StoreRaw(..., 0x08 Bits)  returns 0x00 (0000ms, 0119ms total)
T0F00 1105:872 JLINK_JTAG_StoreRaw(..., 0x03 Bits)  returns 0x08 (0000ms, 0119ms total)
T0F00 1105:872 JLINK_JTAG_StoreRaw(..., 0x02 Bits)  returns 0x0B (0000ms, 0119ms total)
T0F00 1105:872 JLINK_JTAG_StoreRaw(..., 0x28 Bits)  returns 0x0D (0000ms, 0119ms total)
T0F00 1105:872 JLINK_JTAG_GetU8(BitPos = 8) >0x35 TIF>  returns 0xDF (0000ms, 0119ms total)
T0F00 1105:872 JLINK_JTAG_StoreRaw(..., 0x08 Bits)  returns 0x00 (0000ms, 0119ms total)
T0F00 1105:872 JLINK_JTAG_StoreRaw(..., 0x03 Bits)  returns 0x08 (0000ms, 0119ms total)
T0F00 1105:872 JLINK_JTAG_StoreRaw(..., 0x28 Bits)  returns 0x0B (0000ms, 0119ms total)
T0F00 1105:872 JLINK_JTAG_GetU8(BitPos = 8) >0x33 TIF>  returns 0xFF (0001ms, 0120ms total)
T0F00 1105:873 JLINK_JTAG_GetU32(BitPos = 11)  returns 0xFFFFFFFF (0000ms, 0120ms total)
T0F00 1105:873 JLINK_WriteU32(0x41002100, 0x00000010) >0x108 TIF>Found SWD-DP with ID 0x0BC11477 >0x0D TIF> >0x28 TIF> >0x0D TIF> >0x28 TIF> >0x0D TIF> >0x28 TIF> >0x0D TIF> >0x28 TIF> >0x0D TIF> >0x21 TIF> >0x0D TIF> >0x28 TIF> >0x0D TIF> >0x28 TIF> >0x0D TIF> >0x28 TIF> >0x0D TIF> >0x21 TIF> >0x0D TIF> >0x21 TIF> >0x0D TIF> >0x28 TIF> >0x0D TIF> >0x28 TIF> >0x0D TIF> >0x28 TIF> >0x0D TIF> >0x28 TIF> >0x0D TIF> >0x28 TIF> >0x0D TIF> >0x28 TIF> >0x0D TIF> >0x21 TIF> >0x0D TIF> >0x21 TIF> >0x0D TIF>
 >0x28 TIF> >0x0D TIF> >0x28 TIF> >0x108 TIF>Found SWD-DP with ID 0x0BC11477 >0x0D TIF> >0x28 TIF> >0x0D TIF> >0x28 TIF> >0x0D TIF> >0x28 TIF> >0x0D TIF> >0x28 TIF> >0x0D TIF> >0x21 TIF> >0x0D TIF> >0x28 TIF> >0x0D TIF> >0x28 TIF> >0x0D TIF> >0x21 TIF> >0x0D TIF> >0x21 TIF> >0x0D TIF> >0x21 TIF>AP-IDR: 0x04770031, Type: AHB-AP >0x0D TIF> >0x28 TIF> >0x0D TIF> >0x28 TIF> >0x0D TIF> >0x28 TIF> >0x0D TIF> >0x21 TIF> >0x0D TIF> >0x21 TIF> >0x0D TIF> >0x28 TIF> >0x0D TIF> >0x21 TIF> >0x0D TIF> >0x21 TIF>
Found Cortex-M0 r0p1, Little endian. -- CPU_ReadMem(4 bytes @ 0xE000EDF0) -- CPU_ReadMem(4 bytes @ 0xE0002000)FPUnit: 4 code (BP) slots and 0 literal slots -- CPU_ReadMem(4 bytes @ 0xE000EDFC) -- CPU_ReadMem(4 bytes @ 0xE0001000) -- CPU_WriteMem(4 bytes @ 0xE0001000)CoreSight components:ROMTbl 0 @ 41003000 -- CPU_ReadMem(16 bytes @ 0x41003000) -- CPU_ReadMem(16 bytes @ 0xE00FFFF0) -- CPU_ReadMem(16 bytes @ 0xE00FFFE0)ROMTbl 0 [0]: 9F0FC000, CID: B105100D, PID: 000BB4C0 ROM TableROMTbl 1 @ E00FF000
 -- CPU_ReadMem(16 bytes @ 0xE00FF000) -- CPU_ReadMem(16 bytes @ 0xE000EFF0) -- CPU_ReadMem(16 bytes @ 0xE000EFE0)ROMTbl 1 [0]: FFF0F000, CID: B105E00D, PID: 000BB008 SCS -- CPU_ReadMem(16 bytes @ 0xE0001FF0) -- CPU_ReadMem(16 bytes @ 0xE0001FE0)ROMTbl 1 [1]: FFF02000, CID: B105E00D, PID: 000BB00A DWT -- CPU_ReadMem(16 bytes @ 0xE0002FF0) -- CPU_ReadMem(16 bytes @ 0xE0002FE0)ROMTbl 1 [2]: FFF03000, CID: B105E00D, PID: 000BB00B FPB -- CPU_ReadMem(16 bytes @ 0x41006FF0)
 -- CPU_ReadMem(16 bytes @ 0x41006FE0)ROMTbl 0 [1]: 00003000, CID: B105900D, PID: 001BB932 MTB-M0+ -- CPU is running -- CPU_WriteMem(4 bytes @ 0x41002100)  returns 0x00 (0028ms, 0148ms total)
T0F00 1105:901 JLINK_ReadMem (0x41002101, 0x0001 Bytes, ...) -- CPU is running -- CPU_ReadMem(1 bytes @ 0x41002101) - Data: 00  returns 0x00 (0000ms, 0148ms total)
T0F00 1106:102 JLINK_ReadMem (0x41002101, 0x0001 Bytes, ...) -- CPU is running -- CPU_ReadMem(1 bytes @ 0x41002101) - Data: 01  returns 0x00 (0000ms, 0148ms total)
T0F00 1106:102 JLINK_ExecCommand("ProjectFile = C:\git\ER4_Accordeur\projet\TP-info2\jlink.config", ...).   returns 0x00 (0001ms, 0149ms total)
T0F00 1107:067 JLINK_ExecCommand("Device = ATSAMD21J18A", ...). Device "ATSAMD21J18" selected.  returns 0x00 (0002ms, 0151ms total)
T0F00 1107:069 JLINK_TIF_Select(JLINKARM_TIF_SWD)  returns 0x00 (0000ms, 0151ms total)
T0F00 1107:069 JLINK_SetSpeed(4000) (0000ms, 0151ms total)
T0F00 1107:069 JLINK_ResetPullsRESET(OFF) (0000ms, 0151ms total)
T0F00 1107:069 JLINK_Connect() >0x108 TIF>Found SWD-DP with ID 0x0BC11477 >0x0D TIF> >0x28 TIF> >0x0D TIF> >0x28 TIF> >0x0D TIF> >0x28 TIF> >0x0D TIF> >0x28 TIF> >0x0D TIF> >0x21 TIF> >0x0D TIF> >0x28 TIF> >0x0D TIF> >0x28 TIF> >0x0D TIF> >0x28 TIF> >0x0D TIF> >0x21 TIF> >0x0D TIF> >0x21 TIF> >0x108 TIF>Found SWD-DP with ID 0x0BC11477 >0x0D TIF> >0x28 TIF> >0x0D TIF> >0x28 TIF> >0x0D TIF> >0x28 TIF> >0x0D TIF> >0x28 TIF> >0x0D TIF> >0x21 TIF> >0x0D TIF> >0x28 TIF> >0x0D TIF> >0x28 TIF> >0x0D TIF>
 >0x21 TIF> >0x0D TIF> >0x21 TIF> >0x0D TIF> >0x21 TIF>AP-IDR: 0x04770031, Type: AHB-AP >0x0D TIF> >0x28 TIF> >0x0D TIF> >0x28 TIF> >0x0D TIF> >0x28 TIF> >0x0D TIF> >0x21 TIF> >0x0D TIF> >0x21 TIF> >0x0D TIF> >0x28 TIF> >0x0D TIF> >0x21 TIF> >0x0D TIF> >0x21 TIF>Found Cortex-M0 r0p1, Little endian. -- CPU_ReadMem(4 bytes @ 0xE000EDF0) -- CPU_ReadMem(4 bytes @ 0xE0002000)FPUnit: 4 code (BP) slots and 0 literal slots -- CPU_ReadMem(4 bytes @ 0xE000EDFC) -- CPU_ReadMem(4 bytes @ 0xE0001000)
 -- CPU_WriteMem(4 bytes @ 0xE0001000)CoreSight components:ROMTbl 0 @ 41003000 -- CPU_ReadMem(16 bytes @ 0x41003000) -- CPU_ReadMem(16 bytes @ 0xE00FFFF0) -- CPU_ReadMem(16 bytes @ 0xE00FFFE0)ROMTbl 0 [0]: 9F0FC000, CID: B105100D, PID: 000BB4C0 ROM TableROMTbl 1 @ E00FF000 -- CPU_ReadMem(16 bytes @ 0xE00FF000) -- CPU_ReadMem(16 bytes @ 0xE000EFF0) -- CPU_ReadMem(16 bytes @ 0xE000EFE0)ROMTbl 1 [0]: FFF0F000, CID: B105E00D, PID: 000BB008 SCS -- CPU_ReadMem(16 bytes @ 0xE0001FF0)
 -- CPU_ReadMem(16 bytes @ 0xE0001FE0)ROMTbl 1 [1]: FFF02000, CID: B105E00D, PID: 000BB00A DWT -- CPU_ReadMem(16 bytes @ 0xE0002FF0) -- CPU_ReadMem(16 bytes @ 0xE0002FE0)ROMTbl 1 [2]: FFF03000, CID: B105E00D, PID: 000BB00B FPB -- CPU_ReadMem(16 bytes @ 0x41006FF0) -- CPU_ReadMem(16 bytes @ 0x41006FE0)ROMTbl 0 [1]: 00003000, CID: B105900D, PID: 001BB932 MTB-M0+  returns 0x00 (0023ms, 0174ms total)
T0F00 1107:093 JLINK_Halt()  returns 0x00 (0004ms, 0178ms total)
T0F00 1107:099 JLINK_JTAG_GetDeviceID(DeviceIndex = 0)  returns 0x00 (0000ms, 0178ms total)
T0F00 1107:099 JLINK_ReadMemU32(0x41002018, 0x0001 Items, ...) -- CPU_ReadMem(4 bytes @ 0x41002018) - Data: 00 02 01 10  returns 0x01 (0000ms, 0178ms total)
T1FF8 1107:109 JLINK_IsHalted()  returns TRUE (0000ms, 0178ms total)
T0F00 1107:109 JLINK_BeginDownload(Flags = 0x00) (0000ms, 0178ms total)
T1FF8 1107:109 JLINK_GetMOEs(...) -- CPU_ReadMem(4 bytes @ 0xE000ED30)  returns 0x01 (0001ms, 0179ms total)
T0F00 1107:110 JLINK_WriteMem(0x00000000, 0xC6D8 Bytes, ...) - Data: 30 2B 00 20 15 01 00 00 99 01 00 00 99 01 00 00 ...  returns 0xC6D8 (0000ms, 0179ms total)
T1FF8 1107:110 JLINK_ReadReg(R15 (PC))Old firmware which does not support pausing periodic actions during flash download -- CPU_ReadMem(4 bytes @ 0x41006004) -- -------------------------------------- -- Start of determining dirty areas in flash cache -- End of determining dirty areas -- Start of preparing flash programming -- Calculating RAM usage -- RAM usage = 3916 Bytes -- Preserving CPU registers -- Preparing memory -- Determining CPU clock frequency -- Preparing target -- Downloading RAMCode
 -- Checking target RAM -- Preparing RAMCode -- End of preparing flash programming -- CPU speed could not be measured. -- Start of comparing flash -- CRC check was estimated as fastest method -- Comparing range 0x0000 - 0x7FFF (128 Sectors, 32 KB), using multi-block CRC calculation -- CRC does not match for sectors 0-127 -- Comparing range 0x8000 - 0xC6FF (71 Sectors, 17 KB), using multi-block CRC calculation -- CRC does not match for sectors 0-70 -- End of comparing flash -- Start of erasing sectors
 -- End of erasing sectors -- Start of flash programming -- Programming range 0x00000000 - 0x00007FFF (128 Sectors, 32 KB) -- Programming range 0x00008000 - 0x0000C6FF (071 Sectors, 17 KB) -- End of flash programming -- 0x0000 - 0xC6FF (199 Sectors, 49 KB) -- Start of verifying flash -- Checksum calculation was estimated as fastest method -- Checksum is not supported by this flash bank. Switched to CRC method. -- End of verifying flash -- Start of restoring -- Restoring RAMCode -- Restore target
 -- Restore memory -- Restoring CPU registers -- End of restoring -- Flash programming performed for 1 range (50944 bytes) -- Total time needed: 1.109s (Prepare: 0.061s, Compare: 0.133s, Erase: 0.000s, Program: 0.856s, Verify: 0.051s, Restore: 0.006s)  returns 0x00000114 (1111ms, 1290ms total)
T0F00 1108:221 JLINK_WriteMem(0x0000C6D8, 0x0008 Bytes, ...) - Data: C0 F4 FF 7F 01 00 00 00Debugger writes to flash (8 bytes @ address 0x0000C6D8) after flash download is completed.
Write to flash is performed. Further writes to flash memory will not cause a similar message box. -- CPU_WriteMem(8 bytes @ 0x0000C6D8)  returns 0x08 (0001ms, 1291ms total)
T0F00 1108:223 JLINK_WriteMem(0x0000C6E0, 0x08C4 Bytes, ...) - Data: 40 42 0F 00 23 20 01 00 CC BD 00 00 00 00 00 00 ... -- CPU_WriteMem(2244 bytes @ 0x0000C6E0)  returns 0x8C4 (0042ms, 1333ms total)
T0F00 1108:269 JLINK_EndDownload()  returns 0x00 (0000ms, 1333ms total)
T0D64 1108:373 JLINK_Halt()  returns 0x00 (0001ms, 1334ms total)
T0D64 1108:374 JLINK_ReadReg(R15 (PC))  returns 0x00000114 (0000ms, 1334ms total)
T0D64 1108:374 JLINK_ReadReg(R13 (SP))  returns 0x20002B30 (0000ms, 1334ms total)
T0D64 1108:377 JLINK_ReadMemHW(0x00000114, 0x0004 Bytes, ...) -- CPU_ReadMem(4 bytes @ 0x00000114) - Data: 80 B5 82 B0  returns 0x00 (0000ms, 1334ms total)
T0D64 1108:378 JLINK_ReadReg(R0)  returns 0x00000015 (0000ms, 1334ms total)
T0D64 1108:378 JLINK_ReadReg(R1)  returns 0x0000007F (0000ms, 1334ms total)
T0D64 1108:378 JLINK_ReadReg(R2)  returns 0x00000015 (0000ms, 1334ms total)
T0D64 1108:378 JLINK_ReadReg(R3)  returns 0x00000005 (0000ms, 1334ms total)
T0D64 1108:378 JLINK_ReadReg(R4)  returns 0x0000005E (0000ms, 1334ms total)
T0D64 1108:378 JLINK_ReadReg(R5)  returns 0x00000003 (0000ms, 1334ms total)
T0D64 1108:378 JLINK_ReadReg(R6)  returns 0x20002B38 (0000ms, 1334ms total)
T0D64 1108:378 JLINK_ReadReg(R7)  returns 0x20002958 (0000ms, 1334ms total)
T0D64 1108:378 JLINK_ReadReg(R8)  returns 0x20000028 (0000ms, 1334ms total)
T0D64 1108:378 JLINK_ReadReg(R9)  returns 0x0000C3C0 (0000ms, 1334ms total)
T0D64 1108:378 JLINK_ReadReg(R10)  returns 0x20002ABC (0000ms, 1334ms total)
T0D64 1108:378 JLINK_ReadReg(R11)  returns 0x20002AD8 (0000ms, 1334ms total)
T0D64 1108:378 JLINK_ReadReg(R12)  returns 0x20002B4A (0000ms, 1334ms total)
T0D64 1108:378 JLINK_ReadReg(R13 (SP))  returns 0x20002B30 (0000ms, 1334ms total)
T0D64 1108:378 JLINK_ReadReg(R14)  returns 0x00000625 (0000ms, 1334ms total)
T0D64 1108:378 JLINK_ReadReg(R15 (PC))  returns 0x00000114 (0000ms, 1334ms total)
T0D64 1108:378 JLINK_ReadReg(XPSR)  returns 0x61000000 (0000ms, 1334ms total)
T0D64 1108:378 JLINK_ReadReg(MSP)  returns 0x20002B30 (0000ms, 1334ms total)
T0D64 1108:378 JLINK_ReadReg(PSP)  returns 0xCBFBFDFC (0000ms, 1334ms total)
T0D64 1108:378 JLINK_ReadReg(PRIMASK)  returns 0x00000000 (0000ms, 1334ms total)
T0D64 1108:378 JLINK_ReadReg(BASEPRI)  returns 0x00000000 (0000ms, 1334ms total)
T0D64 1108:378 JLINK_ReadReg(FAULTMASK)  returns 0x00000000 (0000ms, 1334ms total)
T0D64 1108:378 JLINK_ReadReg(CONTROL)  returns 0x00000000 (0000ms, 1334ms total)
T0D64 1108:378 JLINK_ReadMemHW(0x00000114, 0x0002 Bytes, ...) -- CPU_ReadMem(2 bytes @ 0x00000114) - Data: 80 B5  returns 0x00 (0001ms, 1335ms total)
T0D64 1108:404 JLINK_ReadReg(R0)  returns 0x00000015 (0000ms, 1335ms total)
T0D64 1108:404 JLINK_ReadReg(R1)  returns 0x0000007F (0000ms, 1335ms total)
T0D64 1108:404 JLINK_ReadReg(R2)  returns 0x00000015 (0000ms, 1335ms total)
T0D64 1108:404 JLINK_ReadReg(R3)  returns 0x00000005 (0000ms, 1335ms total)
T0D64 1108:404 JLINK_ReadReg(R4)  returns 0x0000005E (0000ms, 1335ms total)
T0D64 1108:404 JLINK_ReadReg(R5)  returns 0x00000003 (0000ms, 1335ms total)
T0D64 1108:404 JLINK_ReadReg(R6)  returns 0x20002B38 (0000ms, 1335ms total)
T0D64 1108:404 JLINK_ReadReg(R7)  returns 0x20002958 (0000ms, 1335ms total)
T0D64 1108:404 JLINK_ReadReg(R8)  returns 0x20000028 (0000ms, 1335ms total)
T0D64 1108:404 JLINK_ReadReg(R9)  returns 0x0000C3C0 (0000ms, 1335ms total)
T0D64 1108:404 JLINK_ReadReg(R10)  returns 0x20002ABC (0000ms, 1335ms total)
T0D64 1108:404 JLINK_ReadReg(R11)  returns 0x20002AD8 (0000ms, 1335ms total)
T0D64 1108:404 JLINK_ReadReg(R12)  returns 0x20002B4A (0000ms, 1335ms total)
T0D64 1108:405 JLINK_ReadReg(R13 (SP))  returns 0x20002B30 (0000ms, 1335ms total)
T0D64 1108:405 JLINK_ReadReg(R14)  returns 0x00000625 (0000ms, 1335ms total)
T0D64 1108:405 JLINK_ReadReg(R15 (PC))  returns 0x00000114 (0000ms, 1335ms total)
T0D64 1108:405 JLINK_ReadReg(XPSR)  returns 0x61000000 (0000ms, 1335ms total)
T0D64 1108:405 JLINK_ReadReg(MSP)  returns 0x20002B30 (0000ms, 1335ms total)
T0D64 1108:405 JLINK_ReadReg(PSP)  returns 0xCBFBFDFC (0000ms, 1335ms total)
T0D64 1108:405 JLINK_ReadReg(PRIMASK)  returns 0x00000000 (0000ms, 1335ms total)
T0D64 1108:405 JLINK_ReadReg(BASEPRI)  returns 0x00000000 (0000ms, 1335ms total)
T0D64 1108:405 JLINK_ReadReg(FAULTMASK)  returns 0x00000000 (0000ms, 1335ms total)
T0D64 1108:405 JLINK_ReadReg(CONTROL)  returns 0x00000000 (0000ms, 1335ms total)
T0D64 1108:415 JLINK_ReadMemHW(0x00000114, 0x0004 Bytes, ...) -- CPU_ReadMem(4 bytes @ 0x00000114) - Data: 80 B5 82 B0  returns 0x00 (0001ms, 1336ms total)
T1FF8 1108:422 JLINK_IsHalted()  returns TRUE (0000ms, 1336ms total)
T0D64 1108:436 JLINK_Reset() -- CPU_ReadMem(4 bytes @ 0x0000C6E0) -- CPU_WriteMem(4 bytes @ 0x0000C6E0) -- CPU_ReadMem(4 bytes @ 0xE000EDFC) -- CPU_WriteMem(4 bytes @ 0xE000EDFC) -- CPU_WriteMem(4 bytes @ 0xE000ED0C) -- CPU is running -- CPU_ReadMem(4 bytes @ 0xE000EDF0) -- CPU is running -- CPU_ReadMem(4 bytes @ 0x41002100) -- CPU is running -- CPU_WriteMem(4 bytes @ 0x41002100) -- CPU is running -- CPU_ReadMem(4 bytes @ 0x41002100) -- CPU is running -- CPU_WriteMem(4 bytes @ 0xE000EDFC)
 -- CPU_WriteMem(4 bytes @ 0xE0002000) -- CPU_ReadMem(4 bytes @ 0xE000EDFC) -- CPU_ReadMem(4 bytes @ 0xE0001000) -- CPU_WriteMem(4 bytes @ 0xE0001000) (0014ms, 1350ms total)
T1FF8 1108:450 JLINK_IsHalted()  returns TRUE (0000ms, 1350ms total)
T1FF8 1108:450 JLINK_GetMOEs(...) -- CPU_ReadMem(4 bytes @ 0xE000ED30)  returns 0x01 (0001ms, 1351ms total)
T1FF8 1108:451 JLINK_ReadReg(R15 (PC))  returns 0x00000114 (0000ms, 1351ms total)
T0D64 1108:460 JLINK_ReadReg(R15 (PC))  returns 0x00000114 (0000ms, 1351ms total)
T0D64 1108:460 JLINK_ReadReg(R13 (SP))  returns 0x20002B30 (0000ms, 1351ms total)
T0D64 1108:460 JLINK_ReadMemHW(0x00000114, 0x0004 Bytes, ...) -- CPU_ReadMem(4 bytes @ 0x00000114) - Data: 80 B5 82 B0  returns 0x00 (0001ms, 1352ms total)
T0D64 1108:472 JLINK_ReadReg(R0)  returns 0x200006BC (0000ms, 1352ms total)
T0D64 1108:472 JLINK_ReadReg(R1)  returns 0x00000000 (0000ms, 1352ms total)
T0D64 1108:472 JLINK_ReadReg(R2)  returns 0x00000000 (0000ms, 1352ms total)
T0D64 1108:472 JLINK_ReadReg(R3)  returns 0xD5BCE8AD (0000ms, 1352ms total)
T0D64 1108:472 JLINK_ReadReg(R4)  returns 0x200006BC (0000ms, 1352ms total)
T0D64 1108:472 JLINK_ReadReg(R5)  returns 0x200006DC (0000ms, 1352ms total)
T0D64 1108:472 JLINK_ReadReg(R6)  returns 0x200006DC (0000ms, 1352ms total)
T0D64 1108:472 JLINK_ReadReg(R7)  returns 0x20002958 (0000ms, 1352ms total)
T0D64 1108:472 JLINK_ReadReg(R8)  returns 0x20000028 (0000ms, 1352ms total)
T0D64 1108:472 JLINK_ReadReg(R9)  returns 0x0000C3C0 (0000ms, 1352ms total)
T0D64 1108:472 JLINK_ReadReg(R10)  returns 0x20002ABC (0000ms, 1352ms total)
T0D64 1108:472 JLINK_ReadReg(R11)  returns 0x20002AD8 (0000ms, 1352ms total)
T0D64 1108:472 JLINK_ReadReg(R12)  returns 0x20000630 (0000ms, 1352ms total)
T0D64 1108:472 JLINK_ReadReg(R13 (SP))  returns 0x20002B30 (0000ms, 1352ms total)
T0D64 1108:472 JLINK_ReadReg(R14)  returns 0x20000385 (0000ms, 1352ms total)
T0D64 1108:472 JLINK_ReadReg(R15 (PC))  returns 0x00000114 (0000ms, 1352ms total)
T0D64 1108:472 JLINK_ReadReg(XPSR)  returns 0x21000000 (0000ms, 1352ms total)
T0D64 1108:472 JLINK_ReadReg(MSP)  returns 0x20002B30 (0000ms, 1352ms total)
T0D64 1108:472 JLINK_ReadReg(PSP)  returns 0xCBFBFDFC (0000ms, 1352ms total)
T0D64 1108:472 JLINK_ReadReg(PRIMASK)  returns 0x00000000 (0000ms, 1352ms total)
T0D64 1108:472 JLINK_ReadReg(BASEPRI)  returns 0x00000000 (0000ms, 1352ms total)
T0D64 1108:472 JLINK_ReadReg(FAULTMASK)  returns 0x00000000 (0000ms, 1352ms total)
T0D64 1108:472 JLINK_ReadReg(CONTROL)  returns 0x00000000 (0000ms, 1352ms total)
T0D64 1108:473 JLINK_ReadMem (0x20000384, 0x0004 Bytes, ...) -- CPU_ReadMem(64 bytes @ 0x20000380) -- Updating C cache (64 bytes @ 0x20000380) -- Read from C cache (4 bytes @ 0x20000384) - Data: F0 6A 00 28  returns 0x00 (0001ms, 1353ms total)
T0D64 1108:474 JLINK_ReadMem (0x20000028, 0x0002 Bytes, ...) -- CPU_ReadMem(64 bytes @ 0x20000000) -- Updating C cache (64 bytes @ 0x20000000) -- Read from C cache (2 bytes @ 0x20000028) - Data: E5 46  returns 0x00 (0002ms, 1355ms total)
T0D64 1108:476 JLINK_ReadMem (0x2000002A, 0x0002 Bytes, ...) -- Read from C cache (2 bytes @ 0x2000002A) - Data: 70 47  returns 0x00 (0000ms, 1355ms total)
T0D64 1108:476 JLINK_ReadMem (0x20000384, 0x0004 Bytes, ...) -- Read from C cache (4 bytes @ 0x20000384) - Data: F0 6A 00 28  returns 0x00 (0000ms, 1355ms total)
T0D64 1108:476 JLINK_ReadMem (0x20000028, 0x0002 Bytes, ...) -- Read from C cache (2 bytes @ 0x20000028) - Data: E5 46  returns 0x00 (0000ms, 1355ms total)
T0D64 1108:476 JLINK_ReadMem (0x2000002A, 0x0002 Bytes, ...) -- Read from C cache (2 bytes @ 0x2000002A) - Data: 70 47  returns 0x00 (0000ms, 1355ms total)
T0D64 1108:497 JLINK_ReadMemHW(0x00001960, 0x0001 Bytes, ...) -- CPU_ReadMem(1 bytes @ 0x00001960) - Data: B0  returns 0x00 (0001ms, 1356ms total)
T0D64 1108:560 JLINK_ReadReg(R15 (PC))  returns 0x00000114 (0000ms, 1356ms total)
T0D64 1108:560 JLINK_GetNumBPUnits(Type = 0xFFFFFF02)  returns 0x04 (0000ms, 1356ms total)
T0D64 1108:560 JLINK_SetBPEx(Addr = 0x00001960, Type = 0xFFFFFFF2)  returns 0x00000001 (0000ms, 1356ms total)
T0D64 1108:560 JLINK_GetBPInfo(BPHandle = 1)  returns 0x00 (0000ms, 1356ms total)
T0D64 1108:560 JLINK_Go() -- CPU_WriteMem(4 bytes @ 0xE0002000) -- CPU_ReadMem(4 bytes @ 0xE0001000) -- CPU_WriteMem(4 bytes @ 0xE000ED30) -- CPU_WriteMem(4 bytes @ 0xE0001000) -- CPU_WriteMem(4 bytes @ 0xE0002008) -- CPU_WriteMem(4 bytes @ 0xE000200C) -- CPU_WriteMem(4 bytes @ 0xE0002010) -- CPU_WriteMem(4 bytes @ 0xE0002014) -- CPU_WriteMem(4 bytes @ 0xE0001004) (0005ms, 1361ms total)
T1FF8 1108:565 JLINK_IsHalted() -- CPU is running -- CPU_ReadMem(4 bytes @ 0x41002100)  returns FALSE (0002ms, 1363ms total)
T1FF8 1108:587 JLINK_IsHalted()  returns TRUE (0005ms, 1366ms total)
T1FF8 1108:592 JLINK_GetMOEs(...) -- CPU_ReadMem(4 bytes @ 0xE000ED30)  returns 0x01 (0000ms, 1361ms total)
T1FF8 1108:592 JLINK_ReadReg(R15 (PC))  returns 0x00001960 (0000ms, 1361ms total)
T1FF8 1108:593 JLINK_WriteU32(0xE000EDFC, 0x01000000) -- CPU_WriteMem(4 bytes @ 0xE000EDFC)  returns 0x00 (0000ms, 1361ms total)
T1FF8 1108:593 JLINK_ReadMem (0xE0001000, 0x0004 Bytes, ...) -- CPU_ReadMem(4 bytes @ 0xE0001000) - Data: 00 00 00 20  returns 0x00 (0001ms, 1362ms total)
T1FF8 1108:594 JLINK_WriteU32(0xE0001000, 0x20000001)  returns 0x00 (0000ms, 1362ms total)
T1FF8 1108:594 JLINK_WriteU32(0xE0001028, 0x00000100)  returns 0x00 (0000ms, 1362ms total)
T1FF8 1108:594 JLINK_ReadMem (0xE0001028, 0x0004 Bytes, ...) -- CPU_WriteMem(4 bytes @ 0xE0001028) -- CPU_ReadMem(4 bytes @ 0xE0001028) - Data: 00 00 00 00  returns 0x00 (0001ms, 1363ms total)
T1FF8 1108:595 JLINK_WriteU32(0xE0001024, 0x0000001F)  returns 0x00 (0000ms, 1363ms total)
T1FF8 1108:595 JLINK_ReadMem (0xE0001024, 0x0004 Bytes, ...) -- CPU_WriteMem(4 bytes @ 0xE0001024) -- CPU_ReadMem(4 bytes @ 0xE0001024) - Data: 1F 00 00 00  returns 0x00 (0002ms, 1365ms total)
T1FF8 1108:597 JLINK_WriteU32(0xE0001038, 0x00000100)  returns 0x00 (0000ms, 1365ms total)
T1FF8 1108:597 JLINK_ReadMem (0xE0001038, 0x0004 Bytes, ...) -- CPU_WriteMem(4 bytes @ 0xE0001038) -- CPU_ReadMem(4 bytes @ 0xE0001038) - Data: 00 00 00 00  returns 0x00 (0001ms, 1366ms total)
T1FF8 1108:598 JLINK_WriteU32(0xE0001034, 0x0000001F)  returns 0x00 (0000ms, 1366ms total)
T1FF8 1108:598 JLINK_ReadMem (0xE0001034, 0x0004 Bytes, ...) -- CPU_WriteMem(4 bytes @ 0xE0001034) -- CPU_ReadMem(4 bytes @ 0xE0001034) - Data: 1F 00 00 00  returns 0x00 (0001ms, 1367ms total)
T1FF8 1108:599 JLINK_WriteU32(0xE0001020, 0x00000000)  returns 0x00 (0000ms, 1367ms total)
T1FF8 1108:599 JLINK_WriteU32(0xE0001024, 0x00000000)  returns 0x00 (0000ms, 1367ms total)
T1FF8 1108:599 JLINK_WriteU32(0xE0001028, 0x00000000)  returns 0x00 (0000ms, 1367ms total)
T1FF8 1108:599 JLINK_WriteU32(0xE0001030, 0x00000000)  returns 0x00 (0000ms, 1367ms total)
T1FF8 1108:599 JLINK_WriteU32(0xE0001034, 0x00000000)  returns 0x00 (0000ms, 1367ms total)
T1FF8 1108:599 JLINK_WriteU32(0xE0001038, 0x00000000)  returns 0x00 (0000ms, 1367ms total)
T1FF8 1108:599 JLINK_GetBPInfo(BPHandle = 1)  returns 0x00 (0000ms, 1367ms total)
T1FF8 1108:599 JLINK_ClrBPEx(BPHandle = 0x00000001)  returns 0x00 (0000ms, 1367ms total)
T0D64 1108:607 JLINK_ReadReg(R15 (PC))  returns 0x00001960 (0000ms, 1367ms total)
T0D64 1108:607 JLINK_ReadReg(R13 (SP))  returns 0x20002B20 (0000ms, 1367ms total)
T0D64 1108:607 JLINK_ReadMemHW(0x00001960, 0x0004 Bytes, ...) -- CPU_ReadMem(4 bytes @ 0x00001960) - Data: B0 B5 84 B0  returns 0x00 (0001ms, 1368ms total)
T0D64 1108:640 JLINK_ReadReg(R15 (PC))  returns 0x00001960 (0000ms, 1368ms total)
T0D64 1108:640 JLINK_Go() -- CPU_WriteMem(4 bytes @ 0xE0001000) -- CPU_ReadMem(4 bytes @ 0xE0001000) -- CPU_WriteMem(4 bytes @ 0xE000ED30) -- CPU_WriteMem(4 bytes @ 0xE0001000) -- CPU_WriteMem(4 bytes @ 0xE0001020) -- CPU_WriteMem(4 bytes @ 0xE0001030) -- CPU_WriteMem(4 bytes @ 0xE0001024) -- CPU_WriteMem(4 bytes @ 0xE0001034) -- CPU_WriteMem(4 bytes @ 0xE0001028) -- CPU_WriteMem(4 bytes @ 0xE0001038) -- CPU_WriteMem(4 bytes @ 0xE0002008) (0006ms, 1374ms total)
T1FF8 1108:646 JLINK_IsHalted() -- CPU is running -- CPU_ReadMem(4 bytes @ 0x41002100)  returns FALSE (0001ms, 1375ms total)
T1FF8 1108:688 JLINK_IsHalted() -- CPU is running -- CPU_ReadMem(4 bytes @ 0x41002100)  returns FALSE (0001ms, 1375ms total)
T1FF8 1108:850 JLINK_IsHalted() -- CPU is running -- CPU_ReadMem(4 bytes @ 0x41002100)  returns FALSE (0001ms, 1375ms total)
T1FF8 1109:051 JLINK_IsHalted() -- CPU is running -- CPU_ReadMem(4 bytes @ 0x41002100)  returns FALSE (0001ms, 1375ms total)
T1FF8 1109:253 JLINK_IsHalted() -- CPU is running -- CPU_ReadMem(4 bytes @ 0x41002100)  returns FALSE (0001ms, 1375ms total)
T1FF8 1109:454 JLINK_IsHalted() -- CPU is running -- CPU_ReadMem(4 bytes @ 0x41002100)  returns FALSE (0001ms, 1375ms total)
T1FF8 1109:656 JLINK_IsHalted() -- CPU is running -- CPU_ReadMem(4 bytes @ 0x41002100)  returns FALSE (0001ms, 1375ms total)
T1FF8 1109:857 JLINK_IsHalted() -- CPU is running -- CPU_ReadMem(4 bytes @ 0x41002100)  returns FALSE (0001ms, 1375ms total)
T1FF8 1110:059 JLINK_IsHalted() -- CPU is running -- CPU_ReadMem(4 bytes @ 0x41002100)  returns FALSE (0001ms, 1375ms total)
T1FF8 1110:260 JLINK_IsHalted() -- CPU is running -- CPU_ReadMem(4 bytes @ 0x41002100)  returns FALSE (0001ms, 1375ms total)
T1FF8 1110:463 JLINK_IsHalted() -- CPU is running -- CPU_ReadMem(4 bytes @ 0x41002100)  returns FALSE (0001ms, 1375ms total)
T1FF8 1110:664 JLINK_IsHalted() -- CPU is running -- CPU_ReadMem(4 bytes @ 0x41002100)  returns FALSE (0001ms, 1375ms total)
T1FF8 1110:866 JLINK_IsHalted() -- CPU is running -- CPU_ReadMem(4 bytes @ 0x41002100)  returns FALSE (0001ms, 1375ms total)
T1FF8 1111:067 JLINK_IsHalted() -- CPU is running -- CPU_ReadMem(4 bytes @ 0x41002100)  returns FALSE (0001ms, 1375ms total)
T1FF8 1111:269 JLINK_IsHalted() -- CPU is running -- CPU_ReadMem(4 bytes @ 0x41002100)  returns FALSE (0000ms, 1374ms total)
T1FF8 1111:470 JLINK_IsHalted() -- CPU is running -- CPU_ReadMem(4 bytes @ 0x41002100)  returns FALSE (0001ms, 1375ms total)
T1FF8 1111:672 JLINK_IsHalted() -- CPU is running -- CPU_ReadMem(4 bytes @ 0x41002100)  returns FALSE (0001ms, 1375ms total)
T1FF8 1111:874 JLINK_IsHalted() -- CPU is running -- CPU_ReadMem(4 bytes @ 0x41002100)  returns FALSE (0001ms, 1375ms total)
T1FF8 1112:076 JLINK_IsHalted() -- CPU is running -- CPU_ReadMem(4 bytes @ 0x41002100)  returns FALSE (0001ms, 1375ms total)
T1FF8 1112:278 JLINK_IsHalted() -- CPU is running -- CPU_ReadMem(4 bytes @ 0x41002100)  returns FALSE (0001ms, 1375ms total)
T1FF8 1112:479 JLINK_IsHalted() -- CPU is running -- CPU_ReadMem(4 bytes @ 0x41002100)  returns FALSE (0001ms, 1375ms total)
T1FF8 1112:680 JLINK_IsHalted() -- CPU is running -- CPU_ReadMem(4 bytes @ 0x41002100)  returns FALSE (0001ms, 1375ms total)
T1FF8 1112:883 JLINK_IsHalted() -- CPU is running -- CPU_ReadMem(4 bytes @ 0x41002100)  returns FALSE (0001ms, 1375ms total)
T1FF8 1113:085 JLINK_IsHalted() -- CPU is running -- CPU_ReadMem(4 bytes @ 0x41002100)  returns FALSE (0001ms, 1375ms total)
T1FF8 1113:287 JLINK_IsHalted() -- CPU is running -- CPU_ReadMem(4 bytes @ 0x41002100)  returns FALSE (0001ms, 1375ms total)
T1FF8 1113:488 JLINK_IsHalted() -- CPU is running -- CPU_ReadMem(4 bytes @ 0x41002100)  returns FALSE (0001ms, 1375ms total)
T1FF8 1113:690 JLINK_IsHalted() -- CPU is running -- CPU_ReadMem(4 bytes @ 0x41002100)  returns FALSE (0001ms, 1375ms total)
T1FF8 1113:892 JLINK_IsHalted() -- CPU is running -- CPU_ReadMem(4 bytes @ 0x41002100)  returns FALSE (0001ms, 1375ms total)
T1FF8 1114:094 JLINK_IsHalted() -- CPU is running -- CPU_ReadMem(4 bytes @ 0x41002100)  returns FALSE (0001ms, 1375ms total)
T1FF8 1114:296 JLINK_IsHalted() -- CPU is running -- CPU_ReadMem(4 bytes @ 0x41002100)  returns FALSE (0001ms, 1375ms total)
T1FF8 1114:497 JLINK_IsHalted() -- CPU is running -- CPU_ReadMem(4 bytes @ 0x41002100)  returns FALSE (0001ms, 1375ms total)
T1FF8 1114:699 JLINK_IsHalted() -- CPU is running -- CPU_ReadMem(4 bytes @ 0x41002100)  returns FALSE (0001ms, 1375ms total)
T1FF8 1114:900 JLINK_IsHalted() -- CPU is running -- CPU_ReadMem(4 bytes @ 0x41002100)  returns FALSE (0001ms, 1375ms total)
T1FF8 1115:101 JLINK_IsHalted() -- CPU is running -- CPU_ReadMem(4 bytes @ 0x41002100)  returns FALSE (0001ms, 1375ms total)
T1FF8 1115:303 JLINK_IsHalted() -- CPU is running -- CPU_ReadMem(4 bytes @ 0x41002100)  returns FALSE (0001ms, 1375ms total)
T1FF8 1115:505 JLINK_IsHalted() -- CPU is running -- CPU_ReadMem(4 bytes @ 0x41002100)  returns FALSE (0001ms, 1375ms total)
T1FF8 1115:707 JLINK_IsHalted() -- CPU is running -- CPU_ReadMem(4 bytes @ 0x41002100)  returns FALSE (0001ms, 1375ms total)
T1FF8 1115:908 JLINK_IsHalted() -- CPU is running -- CPU_ReadMem(4 bytes @ 0x41002100)  returns FALSE (0001ms, 1375ms total)
T1FF8 1116:110 JLINK_IsHalted() -- CPU is running -- CPU_ReadMem(4 bytes @ 0x41002100)  returns FALSE (0001ms, 1375ms total)
T1FF8 1116:312 JLINK_IsHalted() -- CPU is running -- CPU_ReadMem(4 bytes @ 0x41002100)  returns FALSE (0001ms, 1375ms total)
T1FF8 1116:514 JLINK_IsHalted() -- CPU is running -- CPU_ReadMem(4 bytes @ 0x41002100)  returns FALSE (0001ms, 1375ms total)
T1FF8 1116:716 JLINK_IsHalted() -- CPU is running -- CPU_ReadMem(4 bytes @ 0x41002100)  returns FALSE (0001ms, 1375ms total)
T1FF8 1116:917 JLINK_IsHalted() -- CPU is running -- CPU_ReadMem(4 bytes @ 0x41002100)  returns FALSE (0001ms, 1375ms total)
T1FF8 1117:118 JLINK_IsHalted() -- CPU is running -- CPU_ReadMem(4 bytes @ 0x41002100)  returns FALSE (0001ms, 1375ms total)
T1FF8 1117:319 JLINK_IsHalted() -- CPU is running -- CPU_ReadMem(4 bytes @ 0x41002100)  returns FALSE (0001ms, 1375ms total)
T1FF8 1117:521 JLINK_IsHalted() -- CPU is running -- CPU_ReadMem(4 bytes @ 0x41002100)  returns FALSE (0001ms, 1375ms total)
T1FF8 1117:722 JLINK_IsHalted() -- CPU is running -- CPU_ReadMem(4 bytes @ 0x41002100)  returns FALSE (0001ms, 1375ms total)
T1FF8 1117:924 JLINK_IsHalted() -- CPU is running -- CPU_ReadMem(4 bytes @ 0x41002100)  returns FALSE (0001ms, 1375ms total)
T1FF8 1118:125 JLINK_IsHalted() -- CPU is running -- CPU_ReadMem(4 bytes @ 0x41002100)  returns FALSE (0001ms, 1375ms total)
T1FF8 1118:327 JLINK_IsHalted() -- CPU is running -- CPU_ReadMem(4 bytes @ 0x41002100)  returns FALSE (0001ms, 1375ms total)
T0D64 1118:486 JLINK_Halt()  returns 0x00 (0005ms, 1379ms total)
T1FF8 1118:530 JLINK_IsHalted()  returns TRUE (0000ms, 1379ms total)
T1FF8 1118:530 JLINK_GetMOEs(...) -- CPU_ReadMem(4 bytes @ 0xE000ED30)  returns 0x01 (0000ms, 1379ms total)
T1FF8 1118:530 JLINK_ReadReg(R15 (PC))  returns 0x00000A3C (0000ms, 1379ms total)
T1FF8 1118:731 JLINK_IsHalted()  returns TRUE (0000ms, 1379ms total)
T0F00 1118:731 JLINK_ResetPullsRESET(ON) (0000ms, 1379ms total)
T0F00 1118:731 JLINK_ResetNoHalt() >0x108 TIF>Found SWD-DP with ID 0x0BC11477 >0x0D TIF> >0x28 TIF> >0x0D TIF> >0x28 TIF> >0x0D TIF> >0x28 TIF> >0x0D TIF> >0x28 TIF> >0x0D TIF> >0x21 TIF> >0x0D TIF> >0x28 TIF> >0x0D TIF> >0x28 TIF> >0x0D TIF> >0x28 TIF> >0x0D TIF> >0x21 TIF> >0x0D TIF> >0x21 TIF> >0x108 TIF>Found SWD-DP with ID 0x0BC11477 >0x0D TIF> >0x28 TIF> >0x0D TIF> >0x28 TIF> >0x0D TIF> >0x28 TIF> >0x0D TIF> >0x28 TIF> >0x0D TIF> >0x21 TIF> >0x0D TIF> >0x28 TIF> >0x0D TIF> >0x28 TIF> >0x0D TIF>
 >0x21 TIF> >0x0D TIF> >0x21 TIF> >0x0D TIF> >0x21 TIF>AP-IDR: 0x04770031, Type: AHB-AP >0x0D TIF> >0x28 TIF> >0x0D TIF> >0x28 TIF> >0x0D TIF> >0x28 TIF> >0x0D TIF> >0x21 TIF> >0x0D TIF> >0x21 TIF> >0x0D TIF> >0x28 TIF> >0x0D TIF> >0x21 TIF> >0x0D TIF> >0x21 TIF>Found Cortex-M0 r0p1, Little endian. -- CPU_ReadMem(4 bytes @ 0xE000EDF0) -- CPU_ReadMem(4 bytes @ 0xE0002000)FPUnit: 4 code (BP) slots and 0 literal slots -- CPU_ReadMem(4 bytes @ 0xE0001000)CoreSight components:ROMTbl 0 @ 41003000
 -- CPU_ReadMem(16 bytes @ 0x41003000) -- CPU_ReadMem(16 bytes @ 0xE00FFFF0) -- CPU_ReadMem(16 bytes @ 0xE00FFFE0)ROMTbl 0 [0]: 9F0FC000, CID: B105100D, PID: 000BB4C0 ROM TableROMTbl 1 @ E00FF000 -- CPU_ReadMem(16 bytes @ 0xE00FF000) -- CPU_ReadMem(16 bytes @ 0xE000EFF0) -- CPU_ReadMem(16 bytes @ 0xE000EFE0)ROMTbl 1 [0]: FFF0F000, CID: B105E00D, PID: 000BB008 SCS -- CPU_WriteMem(4 bytes @ 0xE0001000) -- CPU_ReadMem(16 bytes @ 0xE0001FF0) -- CPU_ReadMem(16 bytes @ 0xE0001FE0)
ROMTbl 1 [1]: FFF02000, CID: B105E00D, PID: 000BB00A DWT -- CPU_ReadMem(16 bytes @ 0xE0002FF0) -- CPU_ReadMem(16 bytes @ 0xE0002FE0)ROMTbl 1 [2]: FFF03000, CID: B105E00D, PID: 000BB00B FPB -- CPU_ReadMem(16 bytes @ 0x41006FF0) -- CPU_ReadMem(16 bytes @ 0x41006FE0)ROMTbl 0 [1]: 00003000, CID: B105900D, PID: 001BB932 MTB-M0+
                JLINK_Reset() -- CPU_ReadMem(4 bytes @ 0xE000EDFC) -- CPU_WriteMem(4 bytes @ 0xE000EDFC) -- CPU_WriteMem(4 bytes @ 0xE000ED0C) -- CPU is running -- CPU_ReadMem(4 bytes @ 0xE000EDF0) -- CPU is running -- CPU_ReadMem(4 bytes @ 0x41002100) -- CPU is running -- CPU_WriteMem(4 bytes @ 0x41002100) -- CPU is running -- CPU_ReadMem(4 bytes @ 0x41002100) -- CPU is running -- CPU_WriteMem(4 bytes @ 0xE000EDFC) -- CPU_WriteMem(4 bytes @ 0xE0002000) -- CPU_ReadMem(4 bytes @ 0xE000EDFC)
 -- CPU_ReadMem(4 bytes @ 0xE0001000) -- CPU_WriteMem(4 bytes @ 0xE0001000) (0012ms, 0012ms total)
                JLINK_Go() -- CPU_ReadMem(4 bytes @ 0xE0001000) -- CPU_WriteMem(4 bytes @ 0xE0001000) -- CPU_WriteMem(4 bytes @ 0xE0002008) -- CPU_WriteMem(4 bytes @ 0xE000200C) -- CPU_WriteMem(4 bytes @ 0xE0002010) -- CPU_WriteMem(4 bytes @ 0xE0002014) -- CPU_WriteMem(4 bytes @ 0xE0001004) (0005ms, 0017ms total)
               (0041ms, 1420ms total)
T0F00 1118:781 JLINK_Close() -- CPU is running -- CPU_WriteMem(4 bytes @ 0xE0002008) -- CPU is running -- CPU_WriteMem(4 bytes @ 0xE000200C) -- CPU is running -- CPU_WriteMem(4 bytes @ 0xE0002010) -- CPU is running -- CPU_WriteMem(4 bytes @ 0xE0002014) (0007ms, 1427ms total)
T0F00 1118:781  (0007ms, 1427ms total)
T0F00 1118:781 Closed (0007ms, 1427ms total)
